2024-11-06 05:41:04,446 - StreamPipelineLauncher - INFO - Iniciando Pipeline de Streaming...
2024-11-06 05:41:06,483 - StreamPipelineLauncher - INFO - Iniciado Gerador de Dados na porta 8001 (PID: 16036)
2024-11-06 05:41:13,519 - StreamPipelineLauncher - INFO - Iniciado Normalizador na porta 8002 (PID: 7140)
2024-11-06 05:41:20,553 - StreamPipelineLauncher - INFO - Iniciado Treinador na porta 8003 (PID: 10048)
2024-11-06 05:41:27,569 - StreamPipelineLauncher - INFO - Iniciado Consumidor na porta 8005 (PID: 15664)
2024-11-06 05:41:32,570 - StreamPipelineLauncher - WARNING - Gerador de Dados caiu! Tentando reiniciar...
2024-11-06 05:41:34,591 - StreamPipelineLauncher - INFO - Iniciado Gerador de Dados na porta 8001 (PID: 16064)
2024-11-06 05:41:44,593 - StreamPipelineLauncher - WARNING - Gerador de Dados caiu! Tentando reiniciar...
2024-11-06 05:41:46,615 - StreamPipelineLauncher - INFO - Iniciado Gerador de Dados na porta 8001 (PID: 13612)
2024-11-06 05:41:56,616 - StreamPipelineLauncher - WARNING - Gerador de Dados caiu! Tentando reiniciar...
2024-11-06 05:41:58,636 - StreamPipelineLauncher - INFO - Iniciado Gerador de Dados na porta 8001 (PID: 16136)
2024-11-06 05:42:08,637 - StreamPipelineLauncher - WARNING - Gerador de Dados caiu! Tentando reiniciar...
2024-11-06 05:42:10,681 - StreamPipelineLauncher - INFO - Iniciado Gerador de Dados na porta 8001 (PID: 13180)
2024-11-06 05:42:20,683 - StreamPipelineLauncher - WARNING - Gerador de Dados caiu! Tentando reiniciar...
2024-11-06 05:42:22,711 - StreamPipelineLauncher - INFO - Iniciado Gerador de Dados na porta 8001 (PID: 13820)
2024-11-06 05:42:32,713 - StreamPipelineLauncher - WARNING - Gerador de Dados caiu! Tentando reiniciar...
2024-11-06 05:42:34,750 - StreamPipelineLauncher - INFO - Iniciado Gerador de Dados na porta 8001 (PID: 10020)
2024-11-06 05:42:44,751 - StreamPipelineLauncher - WARNING - Gerador de Dados caiu! Tentando reiniciar...
2024-11-06 05:42:46,761 - StreamPipelineLauncher - INFO - Iniciado Gerador de Dados na porta 8001 (PID: 15600)
2024-11-06 05:42:48,609 - StreamPipelineLauncher - INFO - Sinal de interrupção recebido. Iniciando parada graciosa...
2024-11-06 05:42:48,610 - StreamPipelineLauncher - INFO - Finalizando Pipeline de Streaming...
2024-11-06 05:42:48,618 - StreamPipelineLauncher - INFO - Serviço Consumidor finalizado
2024-11-06 05:42:48,636 - StreamPipelineLauncher - INFO - Serviço Treinador finalizado
2024-11-06 05:42:48,652 - StreamPipelineLauncher - INFO - Serviço Normalizador finalizado
2024-11-06 05:42:48,653 - StreamPipelineLauncher - INFO - Serviço Gerador de Dados finalizado
2024-11-06 05:42:48,653 - StreamPipelineLauncher - INFO - Pipeline finalizado
