2024-11-06 05:43:11,326 - StreamPipelineLauncher - INFO - Iniciando Pipeline de Streaming...
2024-11-06 05:43:13,351 - StreamPipelineLauncher - INFO - Iniciado Gerador de Dados na porta 8001 (PID: 14512)
2024-11-06 05:43:20,373 - StreamPipelineLauncher - INFO - Iniciado Normalizador na porta 8002 (PID: 12372)
2024-11-06 05:43:27,406 - StreamPipelineLauncher - INFO - Iniciado Treinador na porta 8003 (PID: 6092)
2024-11-06 05:43:34,442 - StreamPipelineLauncher - INFO - Iniciado Consumidor na porta 8005 (PID: 13456)
2024-11-06 05:43:39,454 - StreamPipelineLauncher - WARNING - Gerador de Dados caiu! Tentando reiniciar...
2024-11-06 05:43:41,496 - StreamPipelineLauncher - INFO - Iniciado Gerador de Dados na porta 8001 (PID: 14096)
2024-11-06 05:43:51,497 - StreamPipelineLauncher - WARNING - Gerador de Dados caiu! Tentando reiniciar...
2024-11-06 05:43:53,508 - StreamPipelineLauncher - INFO - Iniciado Gerador de Dados na porta 8001 (PID: 11344)
2024-11-06 05:44:03,509 - StreamPipelineLauncher - WARNING - Gerador de Dados caiu! Tentando reiniciar...
2024-11-06 05:44:05,527 - StreamPipelineLauncher - INFO - Iniciado Gerador de Dados na porta 8001 (PID: 14960)
2024-11-06 05:44:15,528 - StreamPipelineLauncher - WARNING - Gerador de Dados caiu! Tentando reiniciar...
2024-11-06 05:44:17,549 - StreamPipelineLauncher - INFO - Iniciado Gerador de Dados na porta 8001 (PID: 14864)
2024-11-06 05:44:27,550 - StreamPipelineLauncher - WARNING - Gerador de Dados caiu! Tentando reiniciar...
2024-11-06 05:44:29,567 - StreamPipelineLauncher - INFO - Iniciado Gerador de Dados na porta 8001 (PID: 15020)
2024-11-06 05:44:39,569 - StreamPipelineLauncher - WARNING - Gerador de Dados caiu! Tentando reiniciar...
2024-11-06 05:44:41,602 - StreamPipelineLauncher - INFO - Iniciado Gerador de Dados na porta 8001 (PID: 17000)
2024-11-06 05:44:51,603 - StreamPipelineLauncher - WARNING - Gerador de Dados caiu! Tentando reiniciar...
2024-11-06 05:44:53,636 - StreamPipelineLauncher - INFO - Iniciado Gerador de Dados na porta 8001 (PID: 16552)
2024-11-06 05:45:03,637 - StreamPipelineLauncher - WARNING - Gerador de Dados caiu! Tentando reiniciar...
2024-11-06 05:45:05,693 - StreamPipelineLauncher - INFO - Iniciado Gerador de Dados na porta 8001 (PID: 16800)
2024-11-06 05:45:15,694 - StreamPipelineLauncher - WARNING - Gerador de Dados caiu! Tentando reiniciar...
2024-11-06 05:45:17,706 - StreamPipelineLauncher - INFO - Iniciado Gerador de Dados na porta 8001 (PID: 17084)
2024-11-06 05:45:19,020 - StreamPipelineLauncher - INFO - Sinal de interrupção recebido. Iniciando parada graciosa...
2024-11-06 05:45:19,021 - StreamPipelineLauncher - INFO - Finalizando Pipeline de Streaming...
2024-11-06 05:45:19,028 - StreamPipelineLauncher - INFO - Serviço Consumidor finalizado
2024-11-06 05:45:19,052 - StreamPipelineLauncher - INFO - Serviço Treinador finalizado
2024-11-06 05:45:19,071 - StreamPipelineLauncher - INFO - Serviço Normalizador finalizado
2024-11-06 05:45:19,076 - StreamPipelineLauncher - INFO - Serviço Gerador de Dados finalizado
2024-11-06 05:45:19,077 - StreamPipelineLauncher - INFO - Pipeline finalizado
